open_project /home/eric/Desktop/ic_pro/riscv/riscv_DDCA/spyglass/riscv_DDCA_sg.prj


compile_design -force

gui_open_schematic -ms
gui_open_schematic -ms
gui_load_schematic -ms rvsingle_top.rvsingle
gui_load_schematic -ms rvsingle_top.rvsingle.datapath
gui_select_message -rule SYNTH_5143 -msg {imem -> Initial block is ignored for synthesis}
gui_select_message -rule SYNTH_5143 -msg {imem -> Initial block is ignored for synthesis}


current_goal lint/lint_rtl -alltop
run_goal




gui_select_message -rule W110 -msg {Incompatible width for port 'cin'(width 1 in module 'adder') on instance 'adder_tar'(terminal width 32) [Hierarchy: ':rvsingle_top:rvsingle@riscv_single:datapath@datapath']}
gui_select_message -rule W110 -msg {Incompatible width for port 'data_in_5'(width 32 in module 'mux8') on instance 'mux8_inst'(terminal width 1) [Hierarchy: ':rvsingle_top:rvsingle@riscv_single:datapath@datapath:alu@alu']}
gui_select_message -rule UndrivenInTerm-ML -msg {Detected undriven input terminal rvsingle_top.imem.mem[63][31:0]}
gui_select_message -rule UndrivenInTerm-ML -msg {Detected undriven input terminal rvsingle_top.imem.mem[7][31:0]}
gui_open_schematic -is
gui_select_message -rule UndrivenInTerm-ML -msg {Detected undriven input terminal rvsingle_top.imem.mem[7][31:0]}
gui_select_message -rule UndrivenInTerm-ML -msg {Detected undriven input terminal rvsingle_top.imem.mem[8][31:0]}
gui_select_message -rule W123 -msg {Please refer to 'SignalUsageReport.rpt' for details of violating bits}
gui_select_message -rule W123 -msg {Variable 'mem'(2048 bits) read but never set.[Hierarchy: ':rvsingle_top:imem@imem']}
gui_select_message -rule W110 -msg {Incompatible width for port 'data_in_5'(width 32 in module 'mux8') on instance 'mux8_inst'(terminal width 1) [Hierarchy: ':rvsingle_top:rvsingle@riscv_single:datapath@datapath:alu@alu']}
gui_select_message -rule W110 -msg {Incompatible width for port 'cin'(width 1 in module 'adder') on instance 'adder_tar'(terminal width 32) [Hierarchy: ':rvsingle_top:rvsingle@riscv_single:datapath@datapath']}
gui_select_message -rule W110 -msg {Incompatible width for port 'cin'(width 1 in module 'adder') on instance 'adder_tar'(terminal width 32) [Hierarchy: ':rvsingle_top:rvsingle@riscv_single:datapath@datapath']}
gui_select_message -rule W110 -msg {Incompatible width for port 'data_in_5'(width 32 in module 'mux8') on instance 'mux8_inst'(terminal width 1) [Hierarchy: ':rvsingle_top:rvsingle@riscv_single:datapath@datapath:alu@alu']}
gui_select_message -rule W123 -msg {Please refer to 'SignalUsageReport.rpt' for details of violating bits}
gui_select_message -rule W123 -msg {Variable 'mem'(2048 bits) read but never set.[Hierarchy: ':rvsingle_top:imem@imem']}
gui_select_message -rule UndrivenInTerm-ML -msg {Detected undriven input terminal rvsingle_top.imem.mem[63][31:0]}
gui_exit
gui_exit
