################################################################################
#
# This file has been generated by SpyGlass:
#     Report Created by: eric
#     Report Created on: Fri Jan 21 15:34:11 2022
#     Working Directory: /home/eric/Desktop/ic_pro/riscv/riscv_DDCA/spyglass
#     Report Location  : ./riscv_DDCA_sg/lint/lint_rtl/spyglass_reports/SpyGlass/elab_summary.rpt
#     SpyGlass Version : SpyGlass_vL-2016.06
#     Policy Name      : SpyGlass(SpyGlass_vL-2016.06)
#     Comment          : This report contains RTL and Elaborated names along with parameter values
#
################################################################################

================================================================================
Elaborated Name: 'riscv_single'
    (RTL Design Unit name: 'riscv_single', riscv_single.v:8)
     Parameters (Total: 1)
         Width = 32 (default: 32)
     Instances (Total: 1): rvsingle_top.rvsingle 

================================================================================

Elaborated Name: 'datapath'
    (RTL Design Unit name: 'datapath', datapath.v:8)
     Parameters (Total: 1)
         Width = 32 (default: 32)
     Instances (Total: 1): rvsingle_top.rvsingle.datapath 

================================================================================

Elaborated Name: 'pc_reg'
    (RTL Design Unit name: 'pc_reg', pc_reg.v:8)
     Parameters (Total: 1)
         Width = 32 (default: 32)
     Instances (Total: 1): rvsingle_top.rvsingle.datapath.pc_reg 

================================================================================

Elaborated Name: 'mux2'
    (RTL Design Unit name: 'mux2', mux2.v:8)
     Parameters (Total: 1)
         Width = 32 (default: 32)
     Instances (Total: 3): rvsingle_top.rvsingle.datapath.alu.mux2_inst, rvsingle_top.rvsingle.datapath.mux2_SrcB, rvsingle_top.rvsingle.datapath.mux2_pc 

================================================================================

Elaborated Name: 'adder'
    (RTL Design Unit name: 'adder', adder.v:1)
     Parameters (Total: 1)
         Width = 32 (default: 32)
     Instances (Total: 3): rvsingle_top.rvsingle.datapath.alu.adder_inst, rvsingle_top.rvsingle.datapath.adder_tar, rvsingle_top.rvsingle.datapath.adder_pc_plus4 

================================================================================

Elaborated Name: 'extend'
    (RTL Design Unit name: 'extend', extend.v:8)
     Parameters (Total: 1)
         Width = 32 (default: 32)
     Instances (Total: 1): rvsingle_top.rvsingle.datapath.extend_imm 

================================================================================

Elaborated Name: 'reg_file'
    (RTL Design Unit name: 'reg_file', reg_file.v:8)
     Parameters (Total: 2)
         Width = 32 (default: 32)
         N     = 32 (default: 32)
     Instances (Total: 1): rvsingle_top.rvsingle.datapath.reg_file 

================================================================================

Elaborated Name: 'alu'
    (RTL Design Unit name: 'alu', alu.v:8)
     Parameters (Total: 1)
         Width = 32 (default: 32)
     Instances (Total: 1): rvsingle_top.rvsingle.datapath.alu 

================================================================================

Elaborated Name: 'mux8'
    (RTL Design Unit name: 'mux8', mux8.v:8)
     Parameters (Total: 1)
         Width = 32 (default: 32)
     Instances (Total: 1): rvsingle_top.rvsingle.datapath.alu.mux8_inst 

================================================================================

Elaborated Name: 'mux4'
    (RTL Design Unit name: 'mux4', mux4.v:8)
     Parameters (Total: 1)
         Width = 32 (default: 32)
     Instances (Total: 1): rvsingle_top.rvsingle.datapath.mux4_result 

================================================================================

Elaborated Name: 'controller'
    (RTL Design Unit name: 'controller', controller.v:8)
     Parameters (Total: 1)
         Width = 32 (default: 32)
     Instances (Total: 1): rvsingle_top.rvsingle.controller 

================================================================================

Elaborated Name: 'imem'
    (RTL Design Unit name: 'imem', imem.v:9)
     Parameters (Total: 1)
         Width = 32 (default: 32)
     Instances (Total: 1): rvsingle_top.imem 

================================================================================

Elaborated Name: 'dmem'
    (RTL Design Unit name: 'dmem', dmem.v:8)
     Parameters (Total: 1)
         Width = 32 (default: 32)
     Instances (Total: 1): rvsingle_top.dmem 

================================================================================

Elaborated Name: 'rvsingle_top'
    (RTL Design Unit name: 'rvsingle_top', rvsingle_top.v:8)
     Parameters (Total: 1)
         Width = 32 (default: 32)
================================================================================

Elaborated Name: 'comparator'
    (RTL Design Unit name: 'comparator', comparator.v:8)
     Parameters (Total: 1)
         Width = 32 (default: 32)
================================================================================
