
################################################################################
#
# This file has been generated by SpyGlass:
#     Report Name      : moresimple
#     Report Created by: eric
#     Report Created on:  Fri Jan 21 15:34:11 2022
#     Working Directory: /home/eric/Desktop/ic_pro/riscv/riscv_DDCA/spyglass
#     SpyGlass Version : SpyGlass_vL-2016.06
#     Policy Name      : SpyGlass(SpyGlass_vL-2016.06)
#                        erc(SpyGlass_vL-2016.06)
#                        latch(SpyGlass_vL-2016.06)
#                        lint(SpyGlass_vL-2016.06)
#                        morelint(SpyGlass_vL-2016.06)
#                        openmore(SpyGlass_vL-2016.06)
#                        simulation(SpyGlass_vL-2016.06)
#                        starc(SpyGlass_vL-2016.06)
#                        starc2005(SpyGlass_vL-2016.06)
#                        timing(SpyGlass_vL-2016.06)
#
#     Total Number of Generated Messages :         79
#     Number of Waived Messages          :          0
#     Number of Reported Messages        :         79
#     Number of Overlimit Messages       :          0
#
#
################################################################################

+++++++++++++++++++++++++++++++++++++++++++++++++++++++++++++++++++++++
MORESIMPLE REPORT:


############### BuiltIn -> RuleGroup=Design Read ###############
+++++++++++++++++++++++++++++++++++++++++++++++++++++++++++++++++++++++++++++++++++++++
ID       Rule                    Alias                   Severity            File                                                                        Line    Wt      Message
======================================================================================
[1]      DetectTopDesignUnits    DetectTopDesignUnits    Info                comparator.v                                                                8       2       Module comparator is a top level design unit
[2]      DetectTopDesignUnits    DetectTopDesignUnits    Info                rvsingle_top.v                                                              8       2       Module rvsingle_top is a top level design unit
[E]      SYNTH_5143                                      SynthesisWarning    imem.v                                                                      21      1000    imem -> Initial block is ignored for synthesis
[F]      SYNTH_5143                                      SynthesisWarning    imem.v                                                                      29      1000    imem -> Initial block is ignored for synthesis
[0]      ElabSummary             ElabSummary             Info                ./riscv_DDCA_sg/lint/lint_rtl/spyglass_reports/SpyGlass/elab_summary.rpt    0       2       Please refer file './riscv_DDCA_sg/lint/lint_rtl/spyglass_reports/SpyGlass/elab_summary.rpt' for elab summary report
+++++++++++++++++++++++++++++++++++++++++++++++++++++++++++++++++++++++++++++++++++++++


############### Non-BuiltIn -> Goal=lint/lint_rtl ###############
+++++++++++++++++++++++++++++++++++++++++++++++++++++++++++++++++++++++++++++++++++++++
ID       Rule                 Alias    Severity    File                                                                         Line    Wt    Message
======================================================================================
[19]     UndrivenInTerm-ML             Error       imem.v                                                                       25      10    Detected undriven input terminal rvsingle_top.imem.mem[63][31:0]
[1A]     UndrivenInTerm-ML             Error       imem.v                                                                       25      10    Detected undriven input terminal rvsingle_top.imem.mem[62][31:0]
[1B]     UndrivenInTerm-ML             Error       imem.v                                                                       25      10    Detected undriven input terminal rvsingle_top.imem.mem[61][31:0]
[1C]     UndrivenInTerm-ML             Error       imem.v                                                                       25      10    Detected undriven input terminal rvsingle_top.imem.mem[60][31:0]
[1D]     UndrivenInTerm-ML             Error       imem.v                                                                       25      10    Detected undriven input terminal rvsingle_top.imem.mem[59][31:0]
[1E]     UndrivenInTerm-ML             Error       imem.v                                                                       25      10    Detected undriven input terminal rvsingle_top.imem.mem[58][31:0]
[1F]     UndrivenInTerm-ML             Error       imem.v                                                                       25      10    Detected undriven input terminal rvsingle_top.imem.mem[57][31:0]
[20]     UndrivenInTerm-ML             Error       imem.v                                                                       25      10    Detected undriven input terminal rvsingle_top.imem.mem[56][31:0]
[21]     UndrivenInTerm-ML             Error       imem.v                                                                       25      10    Detected undriven input terminal rvsingle_top.imem.mem[55][31:0]
[22]     UndrivenInTerm-ML             Error       imem.v                                                                       25      10    Detected undriven input terminal rvsingle_top.imem.mem[54][31:0]
[23]     UndrivenInTerm-ML             Error       imem.v                                                                       25      10    Detected undriven input terminal rvsingle_top.imem.mem[53][31:0]
[24]     UndrivenInTerm-ML             Error       imem.v                                                                       25      10    Detected undriven input terminal rvsingle_top.imem.mem[52][31:0]
[25]     UndrivenInTerm-ML             Error       imem.v                                                                       25      10    Detected undriven input terminal rvsingle_top.imem.mem[51][31:0]
[26]     UndrivenInTerm-ML             Error       imem.v                                                                       25      10    Detected undriven input terminal rvsingle_top.imem.mem[50][31:0]
[27]     UndrivenInTerm-ML             Error       imem.v                                                                       25      10    Detected undriven input terminal rvsingle_top.imem.mem[49][31:0]
[28]     UndrivenInTerm-ML             Error       imem.v                                                                       25      10    Detected undriven input terminal rvsingle_top.imem.mem[48][31:0]
[29]     UndrivenInTerm-ML             Error       imem.v                                                                       25      10    Detected undriven input terminal rvsingle_top.imem.mem[47][31:0]
[2A]     UndrivenInTerm-ML             Error       imem.v                                                                       25      10    Detected undriven input terminal rvsingle_top.imem.mem[46][31:0]
[2B]     UndrivenInTerm-ML             Error       imem.v                                                                       25      10    Detected undriven input terminal rvsingle_top.imem.mem[45][31:0]
[2C]     UndrivenInTerm-ML             Error       imem.v                                                                       25      10    Detected undriven input terminal rvsingle_top.imem.mem[44][31:0]
[2D]     UndrivenInTerm-ML             Error       imem.v                                                                       25      10    Detected undriven input terminal rvsingle_top.imem.mem[43][31:0]
[2E]     UndrivenInTerm-ML             Error       imem.v                                                                       25      10    Detected undriven input terminal rvsingle_top.imem.mem[42][31:0]
[2F]     UndrivenInTerm-ML             Error       imem.v                                                                       25      10    Detected undriven input terminal rvsingle_top.imem.mem[41][31:0]
[30]     UndrivenInTerm-ML             Error       imem.v                                                                       25      10    Detected undriven input terminal rvsingle_top.imem.mem[40][31:0]
[31]     UndrivenInTerm-ML             Error       imem.v                                                                       25      10    Detected undriven input terminal rvsingle_top.imem.mem[39][31:0]
[32]     UndrivenInTerm-ML             Error       imem.v                                                                       25      10    Detected undriven input terminal rvsingle_top.imem.mem[38][31:0]
[33]     UndrivenInTerm-ML             Error       imem.v                                                                       25      10    Detected undriven input terminal rvsingle_top.imem.mem[37][31:0]
[34]     UndrivenInTerm-ML             Error       imem.v                                                                       25      10    Detected undriven input terminal rvsingle_top.imem.mem[36][31:0]
[35]     UndrivenInTerm-ML             Error       imem.v                                                                       25      10    Detected undriven input terminal rvsingle_top.imem.mem[35][31:0]
[36]     UndrivenInTerm-ML             Error       imem.v                                                                       25      10    Detected undriven input terminal rvsingle_top.imem.mem[34][31:0]
[37]     UndrivenInTerm-ML             Error       imem.v                                                                       25      10    Detected undriven input terminal rvsingle_top.imem.mem[33][31:0]
[38]     UndrivenInTerm-ML             Error       imem.v                                                                       25      10    Detected undriven input terminal rvsingle_top.imem.mem[32][31:0]
[39]     UndrivenInTerm-ML             Error       imem.v                                                                       25      10    Detected undriven input terminal rvsingle_top.imem.mem[31][31:0]
[3A]     UndrivenInTerm-ML             Error       imem.v                                                                       25      10    Detected undriven input terminal rvsingle_top.imem.mem[30][31:0]
[3B]     UndrivenInTerm-ML             Error       imem.v                                                                       25      10    Detected undriven input terminal rvsingle_top.imem.mem[29][31:0]
[3C]     UndrivenInTerm-ML             Error       imem.v                                                                       25      10    Detected undriven input terminal rvsingle_top.imem.mem[28][31:0]
[3D]     UndrivenInTerm-ML             Error       imem.v                                                                       25      10    Detected undriven input terminal rvsingle_top.imem.mem[27][31:0]
[3E]     UndrivenInTerm-ML             Error       imem.v                                                                       25      10    Detected undriven input terminal rvsingle_top.imem.mem[26][31:0]
[3F]     UndrivenInTerm-ML             Error       imem.v                                                                       25      10    Detected undriven input terminal rvsingle_top.imem.mem[25][31:0]
[40]     UndrivenInTerm-ML             Error       imem.v                                                                       25      10    Detected undriven input terminal rvsingle_top.imem.mem[24][31:0]
[41]     UndrivenInTerm-ML             Error       imem.v                                                                       25      10    Detected undriven input terminal rvsingle_top.imem.mem[23][31:0]
[42]     UndrivenInTerm-ML             Error       imem.v                                                                       25      10    Detected undriven input terminal rvsingle_top.imem.mem[22][31:0]
[43]     UndrivenInTerm-ML             Error       imem.v                                                                       25      10    Detected undriven input terminal rvsingle_top.imem.mem[21][31:0]
[44]     UndrivenInTerm-ML             Error       imem.v                                                                       25      10    Detected undriven input terminal rvsingle_top.imem.mem[20][31:0]
[45]     UndrivenInTerm-ML             Error       imem.v                                                                       25      10    Detected undriven input terminal rvsingle_top.imem.mem[19][31:0]
[46]     UndrivenInTerm-ML             Error       imem.v                                                                       25      10    Detected undriven input terminal rvsingle_top.imem.mem[18][31:0]
[47]     UndrivenInTerm-ML             Error       imem.v                                                                       25      10    Detected undriven input terminal rvsingle_top.imem.mem[17][31:0]
[48]     UndrivenInTerm-ML             Error       imem.v                                                                       25      10    Detected undriven input terminal rvsingle_top.imem.mem[16][31:0]
[49]     UndrivenInTerm-ML             Error       imem.v                                                                       25      10    Detected undriven input terminal rvsingle_top.imem.mem[15][31:0]
[4A]     UndrivenInTerm-ML             Error       imem.v                                                                       25      10    Detected undriven input terminal rvsingle_top.imem.mem[14][31:0]
[4B]     UndrivenInTerm-ML             Error       imem.v                                                                       25      10    Detected undriven input terminal rvsingle_top.imem.mem[13][31:0]
[4C]     UndrivenInTerm-ML             Error       imem.v                                                                       25      10    Detected undriven input terminal rvsingle_top.imem.mem[12][31:0]
[4D]     UndrivenInTerm-ML             Error       imem.v                                                                       25      10    Detected undriven input terminal rvsingle_top.imem.mem[11][31:0]
[4E]     UndrivenInTerm-ML             Error       imem.v                                                                       25      10    Detected undriven input terminal rvsingle_top.imem.mem[10][31:0]
[4F]     UndrivenInTerm-ML             Error       imem.v                                                                       25      10    Detected undriven input terminal rvsingle_top.imem.mem[9][31:0]
[50]     UndrivenInTerm-ML             Error       imem.v                                                                       25      10    Detected undriven input terminal rvsingle_top.imem.mem[8][31:0]
[51]     UndrivenInTerm-ML             Error       imem.v                                                                       25      10    Detected undriven input terminal rvsingle_top.imem.mem[7][31:0]
[52]     UndrivenInTerm-ML             Error       imem.v                                                                       25      10    Detected undriven input terminal rvsingle_top.imem.mem[6][31:0]
[53]     UndrivenInTerm-ML             Error       imem.v                                                                       25      10    Detected undriven input terminal rvsingle_top.imem.mem[5][31:0]
[54]     UndrivenInTerm-ML             Error       imem.v                                                                       25      10    Detected undriven input terminal rvsingle_top.imem.mem[4][31:0]
[55]     UndrivenInTerm-ML             Error       imem.v                                                                       25      10    Detected undriven input terminal rvsingle_top.imem.mem[3][31:0]
[56]     UndrivenInTerm-ML             Error       imem.v                                                                       25      10    Detected undriven input terminal rvsingle_top.imem.mem[2][31:0]
[57]     UndrivenInTerm-ML             Error       imem.v                                                                       25      10    Detected undriven input terminal rvsingle_top.imem.mem[1][31:0]
[58]     UndrivenInTerm-ML             Error       imem.v                                                                       25      10    Detected undriven input terminal rvsingle_top.imem.mem[0][31:0]
[A]      W110                          Error       alu.v                                                                        87      10    Incompatible width for port 'data_in_5'(width 32 in module 'mux8') on instance 'mux8_inst'(terminal width 1) [Hierarchy: ':rvsingle_top:rvsingle@riscv_single:datapath@datapath:alu@alu']
[6]      W110                          Error       datapath.v                                                                   76      10    Incompatible width for port 'cin'(width 1 in module 'adder') on instance 'adder_tar'(terminal width 32) [Hierarchy: ':rvsingle_top:rvsingle@riscv_single:datapath@datapath']
[C]      W123                          Error       ./riscv_DDCA_sg/lint/lint_rtl/spyglass_reports/lint/SignalUsageReport.rpt    0       10    Please refer to 'SignalUsageReport.rpt' for details of violating bits
[D]      W123                          Error       imem.v                                                                       25      10    Variable 'mem'(2048 bits) read but never set.[Hierarchy: ':rvsingle_top:imem@imem']
[3]      W287b                         Warning     datapath.v                                                                   64      5     Instance output port 'cout' is not connected
[4]      W287b                         Warning     datapath.v                                                                   78      5     Instance output port 'cout' is not connected
[B]      W528                          Warning     alu.v                                                                        31      10    Variable 'lt' set but not read.[Hierarchy: ':rvsingle_top:rvsingle@riscv_single:datapath@datapath:alu@alu']
[7]      W528                          Warning     datapath.v                                                                   104     10    Variable 'C' set but not read.[Hierarchy: ':rvsingle_top:rvsingle@riscv_single:datapath@datapath']
[8]      W528                          Warning     datapath.v                                                                   104     10    Variable 'N' set but not read.[Hierarchy: ':rvsingle_top:rvsingle@riscv_single:datapath@datapath']
[9]      W528                          Warning     datapath.v                                                                   104     10    Variable 'V' set but not read.[Hierarchy: ':rvsingle_top:rvsingle@riscv_single:datapath@datapath']
+++++++++++++++++++++++++++++++++++++++++++++++++++++++++++++++++++++++++++++++++++++++
