################################################################################
#
# This file has been generated by SpyGlass:
#     Report Created by: eric
#     Report Created on: Fri Jan 21 15:34:11 2022
#     Working Directory: /home/eric/Desktop/ic_pro/riscv/riscv_DDCA/spyglass
#     Report Location  : ./riscv_DDCA_sg/lint/lint_rtl/spyglass_reports/lint/SignalUsageReport.rpt
#     SpyGlass Version : SpyGlass_vL-2016.06
#     Policy Name      : lint(SpyGlass_vL-2016.06)
#     Comment          : SignalUsageReport : It dumps details of violating bits of a signal

#
################################################################################



Module : imem(Hierarchy :rvsingle_top:imem@imem)

W123 : Following Bits of signal 'mem' (File Name: imem.v Line No.: 25) are read but not set
	[0][31:0]	[1][31:0]	[2][31:0]	[3][31:0]	[4][31:0]	[5][31:0]	[6][31:0]	[7][31:0]	[8][31:0]	
	[9][31:0]	[10][31:0]	[11][31:0]	[12][31:0]	[13][31:0]	[14][31:0]	[15][31:0]	[16][31:0]	
	[17][31:0]	[18][31:0]	[19][31:0]	[20][31:0]	[21][31:0]	[22][31:0]	[23][31:0]	[24][31:0]	
	[25][31:0]	[26][31:0]	[27][31:0]	[28][31:0]	[29][31:0]	[30][31:0]	[31][31:0]	[32][31:0]	
	[33][31:0]	[34][31:0]	[35][31:0]	[36][31:0]	[37][31:0]	[38][31:0]	[39][31:0]	[40][31:0]	
	[41][31:0]	[42][31:0]	[43][31:0]	[44][31:0]	[45][31:0]	[46][31:0]	[47][31:0]	[48][31:0]	
	[49][31:0]	[50][31:0]	[51][31:0]	[52][31:0]	[53][31:0]	[54][31:0]	[55][31:0]	[56][31:0]	
	[57][31:0]	[58][31:0]	[59][31:0]	[60][31:0]	[61][31:0]	[62][31:0]	[63][31:0]	

W240 (Verilog) : There are no violations of the rule for multibit variables


W528 (Verilog) : There are no violations of the rule for multibit variables
