
################################################################################
#
# This file has been generated by SpyGlass:
#     Report Name      : moresimple
#     Report Created by: eric
#     Report Created on:  Fri Jan 21 15:29:45 2022
#     Working Directory: /home/eric/Desktop/ic_pro/riscv/riscv_DDCA/spyglass
#     SpyGlass Version : SpyGlass_vL-2016.06
#     Policy Name      : SpyGlass(SpyGlass_vL-2016.06)
#                        clock-reset(SpyGlass_vL-2016.06)
#                        latch(SpyGlass_vL-2016.06)
#                        morelint(SpyGlass_vL-2016.06)
#                        openmore(SpyGlass_vL-2016.06)
#                        power_est(SpyGlass_vL-2016.06)
#                        starc(SpyGlass_vL-2016.06)
#                        timing(SpyGlass_vL-2016.06)
#                        txv(SpyGlass_vL-2016.06)
#
#     Total Number of Generated Messages :          5
#     Number of Waived Messages          :          0
#     Number of Reported Messages        :          5
#     Number of Overlimit Messages       :          0
#
#
################################################################################

+++++++++++++++++++++++++++++++++++++++++++++++++++++++++++++++++++++++
MORESIMPLE REPORT:


############### BuiltIn -> RuleGroup=Design Read ###############
+++++++++++++++++++++++++++++++++++++++++++++++++++++++++++++++++++++++++++++++++++++++
ID       Rule                    Alias                   Severity            File                                                                      Line    Wt      Message
======================================================================================
[1]      DetectTopDesignUnits    DetectTopDesignUnits    Info                comparator.v                                                              8       2       Module comparator is a top level design unit
[2]      DetectTopDesignUnits    DetectTopDesignUnits    Info                rvsingle_top.v                                                            8       2       Module rvsingle_top is a top level design unit
[3]      SYNTH_5143                                      SynthesisWarning    imem.v                                                                    21      1000    imem -> Initial block is ignored for synthesis
[4]      SYNTH_5143                                      SynthesisWarning    imem.v                                                                    29      1000    imem -> Initial block is ignored for synthesis
[0]      ElabSummary             ElabSummary             Info                ./riscv_DDCA_sg/Design_Read/spyglass_reports/SpyGlass/elab_summary.rpt    0       2       Please refer file './riscv_DDCA_sg/Design_Read/spyglass_reports/SpyGlass/elab_summary.rpt' for elab summary report
+++++++++++++++++++++++++++++++++++++++++++++++++++++++++++++++++++++++++++++++++++++++
